<?xml version="1.0" encoding="UTF-8"?>
<testsuite xmlns:xsi="http://www.w3.org/2001/XMLSchema-instance" xsi:noNamespaceSchemaLocation="https://maven.apache.org/surefire/maven-surefire-plugin/xsd/surefire-test-report-3.0.xsd" version="3.0" name="com.coresolution.core.controller.ops.ErdOpsControllerIntegrationTest" time="36.467" tests="7" errors="0" skipped="0" failures="0">
  <properties>
[...]
</properties>
  <testcase name="testGenerateFullSystemErd_Success" classname="com.coresolution.core.controller.ops.ErdOpsControllerIntegrationTest" time="3.551">
    <system-out><![CDATA[09:13:47.822 [main] INFO org.springframework.boot.devtools.restart.RestartApplicationListener -- Restart disabled due to context in which it is running
09:13:47,692 |-INFO in ch.qos.logback.classic.LoggerContext[default] - This is logback-classic version 1.4.11
09:13:47,693 |-INFO in ch.qos.logback.classic.util.ContextInitializer@5a82ebf8 - Here is a list of configurators discovered as a service, by rank: 
09:13:47,693 |-INFO in ch.qos.logback.classic.util.ContextInitializer@5a82ebf8 -   org.springframework.boot.logging.logback.RootLogLevelConfigurator
09:13:47,693 |-INFO in ch.qos.logback.classic.util.ContextInitializer@5a82ebf8 - They will be invoked in order until ExecutionStatus.DO_NOT_INVOKE_NEXT_IF_ANY is returned.
09:13:47,693 |-INFO in ch.qos.logback.classic.util.ContextInitializer@5a82ebf8 - Constructed configurator of type class org.springframework.boot.logging.logback.RootLogLevelConfigurator
09:13:47,697 |-INFO in ch.qos.logback.classic.util.ContextInitializer@5a82ebf8 - org.springframework.boot.logging.logback.RootLogLevelConfigurator.configure() call lasted 1 milliseconds. ExecutionStatus=INVOKE_NEXT_IF_ANY
09:13:47,697 |-INFO in ch.qos.logback.classic.util.ContextInitializer@5a82ebf8 - Trying to configure with ch.qos.logback.classic.joran.SerializedModelConfigurator
09:13:47,697 |-INFO in ch.qos.logback.classic.util.ContextInitializer@5a82ebf8 - Constructed configurator of type class ch.qos.logback.classic.joran.SerializedModelConfigurator
09:13:47,704 |-INFO in ch.qos.logback.classic.LoggerContext[default] - Could NOT find resource [logback-test.scmo]
09:13:47,704 |-INFO in ch.qos.logback.classic.LoggerContext[default] - Could NOT find resource [logback.scmo]
09:13:47,704 |-INFO in ch.qos.logback.classic.util.ContextInitializer@5a82ebf8 - ch.qos.logback.classic.joran.SerializedModelConfigurator.configure() call lasted 7 milliseconds. ExecutionStatus=INVOKE_NEXT_IF_ANY
09:13:47,704 |-INFO in ch.qos.logback.classic.util.ContextInitializer@5a82ebf8 - Trying to configure with ch.qos.logback.classic.util.DefaultJoranConfigurator
09:13:47,704 |-INFO in ch.qos.logback.classic.util.ContextInitializer@5a82ebf8 - Constructed configurator of type class ch.qos.logback.classic.util.DefaultJoranConfigurator
09:13:47,705 |-INFO in ch.qos.logback.classic.LoggerContext[default] - Could NOT find resource [logback-test.xml]
09:13:47,705 |-INFO in ch.qos.logback.classic.LoggerContext[default] - Could NOT find resource [logback.xml]
09:13:47,705 |-INFO in ch.qos.logback.classic.util.ContextInitializer@5a82ebf8 - ch.qos.logback.classic.util.DefaultJoranConfigurator.configure() call lasted 1 milliseconds. ExecutionStatus=INVOKE_NEXT_IF_ANY
09:13:47,705 |-INFO in ch.qos.logback.classic.util.ContextInitializer@5a82ebf8 - Trying to configure with ch.qos.logback.classic.BasicConfigurator
09:13:47,705 |-INFO in ch.qos.logback.classic.util.ContextInitializer@5a82ebf8 - Constructed configurator of type class ch.qos.logback.classic.BasicConfigurator
09:13:47,705 |-INFO in ch.qos.logback.classic.BasicConfigurator@68fe48d7 - Setting up default configuration.
09:13:47,712 |-INFO in ch.qos.logback.classic.util.ContextInitializer@5a82ebf8 - ch.qos.logback.classic.BasicConfigurator.configure() call lasted 7 milliseconds. ExecutionStatus=NEUTRAL
09:13:47,941 |-INFO in ch.qos.logback.core.model.processor.AppenderModelHandler - Processing appender named [CONSOLE]
09:13:47,941 |-INFO in ch.qos.logback.core.model.processor.AppenderModelHandler - About to instantiate appender of type [ch.qos.logback.core.ConsoleAppender]
09:13:47,942 |-INFO in ch.qos.logback.core.model.processor.ImplicitModelHandler - Assuming default type [ch.qos.logback.classic.encoder.PatternLayoutEncoder] for [encoder] property
09:13:47,946 |-INFO in ch.qos.logback.core.model.processor.AppenderModelHandler - Processing appender named [FILE]
09:13:47,946 |-INFO in ch.qos.logback.core.model.processor.AppenderModelHandler - About to instantiate appender of type [ch.qos.logback.core.rolling.RollingFileAppender]
09:13:47,948 |-INFO in c.q.l.core.rolling.TimeBasedRollingPolicy@933027910 - No compression will be used
09:13:47,949 |-INFO in c.q.l.core.rolling.TimeBasedRollingPolicy@933027910 - Will use the pattern logs/mindgarden.%d{yyyy-MM-dd}.%i.log for the active file
09:13:47,957 |-INFO in ch.qos.logback.core.rolling.SizeAndTimeBasedFNATP@701bc94e - The date pattern is 'yyyy-MM-dd' from file name pattern 'logs/mindgarden.%d{yyyy-MM-dd}.%i.log'.
09:13:47,957 |-INFO in ch.qos.logback.core.rolling.SizeAndTimeBasedFNATP@701bc94e - Roll-over at midnight.
09:13:47,960 |-INFO in ch.qos.logback.core.rolling.SizeAndTimeBasedFNATP@701bc94e - Setting initial period to 2025-11-18T00:13:39.811Z
09:13:47,960 |-WARN in ch.qos.logback.core.rolling.SizeAndTimeBasedFNATP@701bc94e - SizeAndTimeBasedFNATP is deprecated. Use SizeAndTimeBasedRollingPolicy instead
09:13:47,960 |-WARN in ch.qos.logback.core.rolling.SizeAndTimeBasedFNATP@701bc94e - For more information see http://logback.qos.ch/manual/appenders.html#SizeAndTimeBasedRollingPolicy
09:13:47,962 |-INFO in ch.qos.logback.core.model.processor.ImplicitModelHandler - Assuming default type [ch.qos.logback.classic.encoder.PatternLayoutEncoder] for [encoder] property
09:13:47,962 |-INFO in ch.qos.logback.core.rolling.RollingFileAppender[FILE] - Active log file name: logs/mindgarden.log
09:13:47,962 |-INFO in ch.qos.logback.core.rolling.RollingFileAppender[FILE] - File property is set to [logs/mindgarden.log]
09:13:47,962 |-INFO in ch.qos.logback.core.model.processor.AppenderModelHandler - Processing appender named [ERROR_FILE]
09:13:47,962 |-INFO in ch.qos.logback.core.model.processor.AppenderModelHandler - About to instantiate appender of type [ch.qos.logback.core.rolling.RollingFileAppender]
09:13:47,963 |-INFO in c.q.l.core.rolling.TimeBasedRollingPolicy@1032532382 - No compression will be used
09:13:47,963 |-INFO in c.q.l.core.rolling.TimeBasedRollingPolicy@1032532382 - Will use the pattern logs/error.%d{yyyy-MM-dd}.%i.log for the active file
09:13:47,963 |-INFO in ch.qos.logback.core.rolling.SizeAndTimeBasedFNATP@27a97e08 - The date pattern is 'yyyy-MM-dd' from file name pattern 'logs/error.%d{yyyy-MM-dd}.%i.log'.
09:13:47,963 |-INFO in ch.qos.logback.core.rolling.SizeAndTimeBasedFNATP@27a97e08 - Roll-over at midnight.
09:13:47,964 |-INFO in ch.qos.logback.core.rolling.SizeAndTimeBasedFNATP@27a97e08 - Setting initial period to 2025-11-18T00:12:58.285Z
09:13:47,964 |-WARN in ch.qos.logback.core.rolling.SizeAndTimeBasedFNATP@27a97e08 - SizeAndTimeBasedFNATP is deprecated. Use SizeAndTimeBasedRollingPolicy instead
09:13:47,964 |-WARN in ch.qos.logback.core.rolling.SizeAndTimeBasedFNATP@27a97e08 - For more information see http://logback.qos.ch/manual/appenders.html#SizeAndTimeBasedRollingPolicy
09:13:47,964 |-INFO in ch.qos.logback.core.model.processor.ImplicitModelHandler - Assuming default type [ch.qos.logback.classic.encoder.PatternLayoutEncoder] for [encoder] property
09:13:47,964 |-INFO in ch.qos.logback.core.rolling.RollingFileAppender[ERROR_FILE] - Active log file name: logs/error.log
09:13:47,964 |-INFO in ch.qos.logback.core.rolling.RollingFileAppender[ERROR_FILE] - File property is set to [logs/error.log]
09:13:47,964 |-INFO in ch.qos.logback.core.model.processor.AppenderModelHandler - Processing appender named [OAUTH2_ERROR_FILE]
09:13:47,964 |-INFO in ch.qos.logback.core.model.processor.AppenderModelHandler - About to instantiate appender of type [ch.qos.logback.core.rolling.RollingFileAppender]
09:13:47,965 |-INFO in c.q.l.core.rolling.TimeBasedRollingPolicy@2011636843 - No compression will be used
09:13:47,965 |-INFO in c.q.l.core.rolling.TimeBasedRollingPolicy@2011636843 - Will use the pattern logs/oauth2-error.%d{yyyy-MM-dd}.%i.log for the active file
09:13:47,965 |-INFO in ch.qos.logback.core.rolling.SizeAndTimeBasedFNATP@5918c260 - The date pattern is 'yyyy-MM-dd' from file name pattern 'logs/oauth2-error.%d{yyyy-MM-dd}.%i.log'.
09:13:47,965 |-INFO in ch.qos.logback.core.rolling.SizeAndTimeBasedFNATP@5918c260 - Roll-over at midnight.
09:13:47,965 |-INFO in ch.qos.logback.core.rolling.SizeAndTimeBasedFNATP@5918c260 - Setting initial period to 2025-11-05T01:39:53.350Z
09:13:47,965 |-WARN in ch.qos.logback.core.rolling.SizeAndTimeBasedFNATP@5918c260 - SizeAndTimeBasedFNATP is deprecated. Use SizeAndTimeBasedRollingPolicy instead
09:13:47,965 |-WARN in ch.qos.logback.core.rolling.SizeAndTimeBasedFNATP@5918c260 - For more information see http://logback.qos.ch/manual/appenders.html#SizeAndTimeBasedRollingPolicy
09:13:47,965 |-INFO in ch.qos.logback.core.model.processor.ImplicitModelHandler - Assuming default type [ch.qos.logback.classic.encoder.PatternLayoutEncoder] for [encoder] property
09:13:47,965 |-INFO in ch.qos.logback.core.rolling.RollingFileAppender[OAUTH2_ERROR_FILE] - Active log file name: logs/oauth2-error.log
09:13:47,965 |-INFO in ch.qos.logback.core.rolling.RollingFileAppender[OAUTH2_ERROR_FILE] - File property is set to [logs/oauth2-error.log]
09:13:47,966 |-INFO in ch.qos.logback.classic.model.processor.LoggerModelHandler - Setting level of logger [com.mindgarden.consultation.controller.OAuth2Controller] to DEBUG
09:13:47,966 |-INFO in ch.qos.logback.classic.jul.LevelChangePropagator@3d7b1f1c - Propagating DEBUG level on Logger[com.mindgarden.consultation.controller.OAuth2Controller] onto the JUL framework
09:13:47,967 |-INFO in ch.qos.logback.classic.model.processor.LoggerModelHandler - Setting additivity of logger [com.mindgarden.consultation.controller.OAuth2Controller] to false
09:13:47,967 |-INFO in ch.qos.logback.core.model.processor.AppenderRefModelHandler - Attaching appender named [CONSOLE] to Logger[com.mindgarden.consultation.controller.OAuth2Controller]
09:13:47,967 |-INFO in ch.qos.logback.core.model.processor.AppenderRefModelHandler - Attaching appender named [FILE] to Logger[com.mindgarden.consultation.controller.OAuth2Controller]
09:13:47,967 |-INFO in ch.qos.logback.core.model.processor.AppenderRefModelHandler - Attaching appender named [OAUTH2_ERROR_FILE] to Logger[com.mindgarden.consultation.controller.OAuth2Controller]
09:13:47,967 |-INFO in ch.qos.logback.core.model.processor.AppenderModelHandler - Processing appender named [SQL_ERROR_FILE]
09:13:47,967 |-INFO in ch.qos.logback.core.model.processor.AppenderModelHandler - About to instantiate appender of type [ch.qos.logback.core.rolling.RollingFileAppender]
09:13:47,967 |-INFO in ch.qos.logback.core.model.processor.ImplicitModelHandler - Assuming default type [ch.qos.logback.classic.encoder.PatternLayoutEncoder] for [encoder] property
09:13:47,967 |-INFO in c.q.l.core.rolling.TimeBasedRollingPolicy@1372483461 - No compression will be used
09:13:47,967 |-INFO in c.q.l.core.rolling.TimeBasedRollingPolicy@1372483461 - Will use the pattern logs/sql-error.%d{yyyy-MM-dd}.%i.log for the active file
09:13:47,967 |-INFO in ch.qos.logback.core.rolling.SizeAndTimeBasedFNATP@1f44ddab - The date pattern is 'yyyy-MM-dd' from file name pattern 'logs/sql-error.%d{yyyy-MM-dd}.%i.log'.
09:13:47,967 |-INFO in ch.qos.logback.core.rolling.SizeAndTimeBasedFNATP@1f44ddab - Roll-over at midnight.
09:13:47,967 |-INFO in ch.qos.logback.core.rolling.SizeAndTimeBasedFNATP@1f44ddab - Setting initial period to 2025-11-17T23:40:33.238Z
09:13:47,967 |-WARN in ch.qos.logback.core.rolling.SizeAndTimeBasedFNATP@1f44ddab - SizeAndTimeBasedFNATP is deprecated. Use SizeAndTimeBasedRollingPolicy instead
09:13:47,967 |-WARN in ch.qos.logback.core.rolling.SizeAndTimeBasedFNATP@1f44ddab - For more information see http://logback.qos.ch/manual/appenders.html#SizeAndTimeBasedRollingPolicy
09:13:47,968 |-INFO in ch.qos.logback.core.rolling.RollingFileAppender[SQL_ERROR_FILE] - Active log file name: logs/sql-error.log
09:13:47,968 |-INFO in ch.qos.logback.core.rolling.RollingFileAppender[SQL_ERROR_FILE] - File property is set to [logs/sql-error.log]
09:13:47,968 |-INFO in ch.qos.logback.classic.model.processor.LoggerModelHandler - Setting level of logger [org.hibernate.engine.jdbc.spi.SqlExceptionHelper] to ERROR
09:13:47,968 |-INFO in ch.qos.logback.classic.jul.LevelChangePropagator@3d7b1f1c - Propagating ERROR level on Logger[org.hibernate.engine.jdbc.spi.SqlExceptionHelper] onto the JUL framework
09:13:47,968 |-INFO in ch.qos.logback.classic.model.processor.LoggerModelHandler - Setting additivity of logger [org.hibernate.engine.jdbc.spi.SqlExceptionHelper] to false
09:13:47,968 |-INFO in ch.qos.logback.core.model.processor.AppenderRefModelHandler - Attaching appender named [SQL_ERROR_FILE] to Logger[org.hibernate.engine.jdbc.spi.SqlExceptionHelper]
09:13:47,968 |-INFO in ch.qos.logback.classic.model.processor.LoggerModelHandler - Setting level of logger [org.hibernate.engine.jdbc.env.spi.JdbcEnvironment] to ERROR
09:13:47,968 |-INFO in ch.qos.logback.classic.jul.LevelChangePropagator@3d7b1f1c - Propagating ERROR level on Logger[org.hibernate.engine.jdbc.env.spi.JdbcEnvironment] onto the JUL framework
09:13:47,968 |-INFO in ch.qos.logback.classic.model.processor.LoggerModelHandler - Setting additivity of logger [org.hibernate.engine.jdbc.env.spi.JdbcEnvironment] to false
09:13:47,968 |-INFO in ch.qos.logback.core.model.processor.AppenderRefModelHandler - Attaching appender named [SQL_ERROR_FILE] to Logger[org.hibernate.engine.jdbc.env.spi.JdbcEnvironment]
09:13:47,968 |-INFO in ch.qos.logback.classic.model.processor.LoggerModelHandler - Setting level of logger [org.hibernate.resource.jdbc] to ERROR
09:13:47,968 |-INFO in ch.qos.logback.classic.jul.LevelChangePropagator@3d7b1f1c - Propagating ERROR level on Logger[org.hibernate.resource.jdbc] onto the JUL framework
09:13:47,968 |-INFO in ch.qos.logback.classic.model.processor.LoggerModelHandler - Setting additivity of logger [org.hibernate.resource.jdbc] to false
09:13:47,968 |-INFO in ch.qos.logback.core.model.processor.AppenderRefModelHandler - Attaching appender named [SQL_ERROR_FILE] to Logger[org.hibernate.resource.jdbc]
09:13:47,968 |-INFO in ch.qos.logback.classic.model.processor.LoggerModelHandler - Setting level of logger [org.hibernate.engine.transaction] to ERROR
09:13:47,968 |-INFO in ch.qos.logback.classic.jul.LevelChangePropagator@3d7b1f1c - Propagating ERROR level on Logger[org.hibernate.engine.transaction] onto the JUL framework
09:13:47,968 |-INFO in ch.qos.logback.classic.model.processor.LoggerModelHandler - Setting additivity of logger [org.hibernate.engine.transaction] to false
09:13:47,968 |-INFO in ch.qos.logback.core.model.processor.AppenderRefModelHandler - Attaching appender named [SQL_ERROR_FILE] to Logger[org.hibernate.engine.transaction]
09:13:47,968 |-INFO in ch.qos.logback.classic.model.processor.LoggerModelHandler - Setting level of logger [com.mysql.cj.jdbc] to ERROR
09:13:47,968 |-INFO in ch.qos.logback.classic.jul.LevelChangePropagator@3d7b1f1c - Propagating ERROR level on Logger[com.mysql.cj.jdbc] onto the JUL framework
09:13:47,968 |-INFO in ch.qos.logback.classic.model.processor.LoggerModelHandler - Setting additivity of logger [com.mysql.cj.jdbc] to false
09:13:47,968 |-INFO in ch.qos.logback.core.model.processor.AppenderRefModelHandler - Attaching appender named [SQL_ERROR_FILE] to Logger[com.mysql.cj.jdbc]
09:13:47,968 |-INFO in ch.qos.logback.classic.model.processor.LoggerModelHandler - Setting level of logger [org.springframework.orm.jpa] to ERROR
09:13:47,968 |-INFO in ch.qos.logback.classic.jul.LevelChangePropagator@3d7b1f1c - Propagating ERROR level on Logger[org.springframework.orm.jpa] onto the JUL framework
09:13:47,968 |-INFO in ch.qos.logback.classic.model.processor.LoggerModelHandler - Setting additivity of logger [org.springframework.orm.jpa] to false
09:13:47,968 |-INFO in ch.qos.logback.core.model.processor.AppenderRefModelHandler - Attaching appender named [SQL_ERROR_FILE] to Logger[org.springframework.orm.jpa]
09:13:47,968 |-INFO in ch.qos.logback.classic.model.processor.LoggerModelHandler - Setting level of logger [org.springframework.transaction] to ERROR
09:13:47,968 |-INFO in ch.qos.logback.classic.jul.LevelChangePropagator@3d7b1f1c - Propagating ERROR level on Logger[org.springframework.transaction] onto the JUL framework
09:13:47,968 |-INFO in ch.qos.logback.classic.model.processor.LoggerModelHandler - Setting additivity of logger [org.springframework.transaction] to false
09:13:47,968 |-INFO in ch.qos.logback.core.model.processor.AppenderRefModelHandler - Attaching appender named [SQL_ERROR_FILE] to Logger[org.springframework.transaction]
09:13:47,968 |-INFO in ch.qos.logback.classic.model.processor.RootLoggerModelHandler - Setting level of ROOT logger to INFO
09:13:47,968 |-INFO in ch.qos.logback.classic.jul.LevelChangePropagator@3d7b1f1c - Propagating INFO level on Logger[ROOT] onto the JUL framework
09:13:47,968 |-INFO in ch.qos.logback.core.model.processor.AppenderRefModelHandler - Attaching appender named [CONSOLE] to Logger[ROOT]
09:13:47,968 |-INFO in ch.qos.logback.core.model.processor.AppenderRefModelHandler - Attaching appender named [FILE] to Logger[ROOT]
09:13:47,968 |-INFO in ch.qos.logback.core.model.processor.AppenderRefModelHandler - Attaching appender named [ERROR_FILE] to Logger[ROOT]
09:13:47,968 |-INFO in ch.qos.logback.core.model.processor.DefaultProcessor@5017e1 - End of configuration.
09:13:47,968 |-INFO in org.springframework.boot.logging.logback.SpringBootJoranConfigurator@65b66b08 - Registering current configuration as safe fallback point


  .   ____          _            __ _ _
 /\\ / ___'_ __ _ _(_)_ __  __ _ \ \ \ \
( ( )\___ | '_ | '_| | '_ \/ _` | \ \ \ \
 \\/  ___)| |_)| | | | | || (_| |  ) ) ) )
  '  |____| .__|_| |_|_| |_\__, | / / / /
 =========|_|==============|___/=/_/_/_/
 :: Spring Boot ::                (v3.2.0)

2025-11-18 09:13:47.981 [background-preinit] INFO  o.h.validator.internal.util.Version - HV000001: Hibernate Validator 8.0.1.Final
2025-11-18 09:13:47.994 [main] INFO  c.c.c.c.o.ErdOpsControllerIntegrationTest - Starting ErdOpsControllerIntegrationTest using Java 17.0.10 with PID 23584 (started by mind in /Users/mind/mindGarden)
2025-11-18 09:13:47.995 [main] INFO  c.c.c.c.o.ErdOpsControllerIntegrationTest - The following 1 profile is active: "test"
2025-11-18 09:13:48.534 [main] INFO  o.s.d.r.c.RepositoryConfigurationDelegate - Multiple Spring Data modules found, entering strict repository configuration mode
2025-11-18 09:13:48.535 [main] INFO  o.s.d.r.c.RepositoryConfigurationDelegate - Bootstrapping Spring Data JPA repositories in DEFAULT mode.
2025-11-18 09:13:48.619 [main] INFO  o.s.d.r.c.RepositoryConfigurationDelegate - Finished Spring Data repository scanning in 81 ms. Found 63 JPA repository interfaces.
2025-11-18 09:13:48.840 [main] INFO  o.s.d.r.c.RepositoryConfigurationDelegate - Multiple Spring Data modules found, entering strict repository configuration mode
2025-11-18 09:13:48.841 [main] INFO  o.s.d.r.c.RepositoryConfigurationDelegate - Bootstrapping Spring Data Redis repositories in DEFAULT mode.
2025-11-18 09:13:48.859 [main] INFO  o.s.d.r.c.RepositoryConfigurationExtensionSupport - Spring Data Redis - Could not safely identify store assignment for repository candidate interface com.mindgarden.consultation.repository.AccountRepository; If you want this repository to be a Redis repository, consider annotating your entities with one of these annotations: org.springframework.data.redis.core.RedisHash (preferred), or consider extending one of the following types with your repository: org.springframework.data.keyvalue.repository.KeyValueRepository
2025-11-18 09:13:48.859 [main] INFO  o.s.d.r.c.RepositoryConfigurationExtensionSupport - Spring Data Redis - Could not safely identify store assignment for repository candidate interface com.mindgarden.consultation.repository.AlertRepository; If you want this repository to be a Redis repository, consider annotating your entities with one of these annotations: org.springframework.data.redis.core.RedisHash (preferred), or consider extending one of the following types with your repository: org.springframework.data.keyvalue.repository.KeyValueRepository
2025-11-18 09:13:48.860 [main] INFO  o.s.d.r.c.RepositoryConfigurationExtensionSupport - Spring Data Redis - Could not safely identify store assignment for repository candidate interface com.mindgarden.consultation.repository.BranchRepository; If you want this repository to be a Redis repository, consider annotating your entities with one of these annotations: org.springframework.data.redis.core.RedisHash (preferred), or consider extending one of the following types with your repository: org.springframework.data.keyvalue.repository.KeyValueRepository
2025-11-18 09:13:48.860 [main] INFO  o.s.d.r.c.RepositoryConfigurationExtensionSupport - Spring Data Redis - Could not safely identify store assignment for repository candidate interface com.mindgarden.consultation.repository.BudgetRepository; If you want this repository to be a Redis repository, consider annotating your entities with one of these annotations: org.springframework.data.redis.core.RedisHash (preferred), or consider extending one of the following types with your repository: org.springframework.data.keyvalue.repository.KeyValueRepository
2025-11-18 09:13:48.860 [main] INFO  o.s.d.r.c.RepositoryConfigurationExtensionSupport - Spring Data Redis - Could not safely identify store assignment for repository candidate interface com.mindgarden.consultation.repository.ClientRepository; If you want this repository to be a Redis repository, consider annotating your entities with one of these annotations: org.springframework.data.redis.core.RedisHash (preferred), or consider extending one of the following types with your repository: org.springframework.data.keyvalue.repository.KeyValueRepository
2025-11-18 09:13:48.860 [main] INFO  o.s.d.r.c.RepositoryConfigurationExtensionSupport - Spring Data Redis - Could not safely identify store assignment for repository candidate interface com.mindgarden.consultation.repository.CodeGroupMetadataRepository; If you want this repository to be a Redis repository, consider annotating your entities with one of these annotations: org.springframework.data.redis.core.RedisHash (preferred), or consider extending one of the following types with your repository: org.springframework.data.keyvalue.repository.KeyValueRepository
2025-11-18 09:13:48.860 [main] INFO  o.s.d.r.c.RepositoryConfigurationExtensionSupport - Spring Data Redis - Could not safely identify store assignment for repository candidate interface com.mindgarden.consultation.repository.CommonCodeRepository; If you want this repository to be a Redis repository, consider annotating your entities with one of these annotations: org.springframework.data.redis.core.RedisHash (preferred), or consider extending one of the following types with your repository: org.springframework.data.keyvalue.repository.KeyValueRepository
2025-11-18 09:13:48.860 [main] INFO  o.s.d.r.c.RepositoryConfigurationExtensionSupport - Spring Data Redis - Could not safely identify store assignment for repository candidate interface com.mindgarden.consultation.repository.ConsultantAvailabilityRepository; If you want this repository to be a Redis repository, consider annotating your entities with one of these annotations: org.springframework.data.redis.core.RedisHash (preferred), or consider extending one of the following types with your repository: org.springframework.data.keyvalue.repository.KeyValueRepository
2025-11-18 09:13:48.860 [main] INFO  o.s.d.r.c.RepositoryConfigurationExtensionSupport - Spring Data Redis - Could not safely identify store assignment for repository candidate interface com.mindgarden.consultation.repository.ConsultantClientMappingRepository; If you want this repository to be a Redis repository, consider annotating your entities with one of these annotations: org.springframework.data.redis.core.RedisHash (preferred), or consider extending one of the following types with your repository: org.springframework.data.keyvalue.repository.KeyValueRepository
2025-11-18 09:13:48.861 [main] INFO  o.s.d.r.c.RepositoryConfigurationExtensionSupport - Spring Data Redis - Could not safely identify store assignment for repository candidate interface com.mindgarden.consultation.repository.ConsultantPerformanceRepository; If you want this repository to be a Redis repository, consider annotating your entities with one of these annotations: org.springframework.data.redis.core.RedisHash (preferred), or consider extending one of the following types with your repository: org.springframework.data.keyvalue.repository.KeyValueRepository
2025-11-18 09:13:48.861 [main] INFO  o.s.d.r.c.RepositoryConfigurationExtensionSupport - Spring Data Redis - Could not safely identify store assignment for repository candidate interface com.mindgarden.consultation.repository.ConsultantRatingRepository; If you want this repository to be a Redis repository, consider annotating your entities with one of these annotations: org.springframework.data.redis.core.RedisHash (preferred), or consider extending one of the following types with your repository: org.springframework.data.keyvalue.repository.KeyValueRepository
2025-11-18 09:13:48.861 [main] INFO  o.s.d.r.c.RepositoryConfigurationExtensionSupport - Spring Data Redis - Could not safely identify store assignment for repository candidate interface com.mindgarden.consultation.repository.ConsultantRepository; If you want this repository to be a Redis repository, consider annotating your entities with one of these annotations: org.springframework.data.redis.core.RedisHash (preferred), or consider extending one of the following types with your repository: org.springframework.data.keyvalue.repository.KeyValueRepository
2025-11-18 09:13:48.861 [main] INFO  o.s.d.r.c.RepositoryConfigurationExtensionSupport - Spring Data Redis - Could not safely identify store assignment for repository candidate interface com.mindgarden.consultation.repository.ConsultantSalaryOptionRepository; If you want this repository to be a Redis repository, consider annotating your entities with one of these annotations: org.springframework.data.redis.core.RedisHash (preferred), or consider extending one of the following types with your repository: org.springframework.data.keyvalue.repository.KeyValueRepository
2025-11-18 09:13:48.861 [main] INFO  o.s.d.r.c.RepositoryConfigurationExtensionSupport - Spring Data Redis - Could not safely identify store assignment for repository candidate interface com.mindgarden.consultation.repository.ConsultantSalaryProfileRepository; If you want this repository to be a Redis repository, consider annotating your entities with one of these annotations: org.springframework.data.redis.core.RedisHash (preferred), or consider extending one of the following types with your repository: org.springframework.data.keyvalue.repository.KeyValueRepository
2025-11-18 09:13:48.862 [main] INFO  o.s.d.r.c.RepositoryConfigurationExtensionSupport - Spring Data Redis - Could not safely identify store assignment for repository candidate interface com.mindgarden.consultation.repository.ConsultationMessageRepository; If you want this repository to be a Redis repository, consider annotating your entities with one of these annotations: org.springframework.data.redis.core.RedisHash (preferred), or consider extending one of the following types with your repository: org.springframework.data.keyvalue.repository.KeyValueRepository
2025-11-18 09:13:48.862 [main] INFO  o.s.d.r.c.RepositoryConfigurationExtensionSupport - Spring Data Redis - Could not safely identify store assignment for repository candidate interface com.mindgarden.consultation.repository.ConsultationRecordRepository; If you want this repository to be a Redis repository, consider annotating your entities with one of these annotations: org.springframework.data.redis.core.RedisHash (preferred), or consider extending one of the following types with your repository: org.springframework.data.keyvalue.repository.KeyValueRepository
2025-11-18 09:13:48.862 [main] INFO  o.s.d.r.c.RepositoryConfigurationExtensionSupport - Spring Data Redis - Could not safely identify store assignment for repository candidate interface com.mindgarden.consultation.repository.ConsultationRepository; If you want this repository to be a Redis repository, consider annotating your entities with one of these annotations: org.springframework.data.redis.core.RedisHash (preferred), or consider extending one of the following types with your repository: org.springframework.data.keyvalue.repository.KeyValueRepository
2025-11-18 09:13:48.862 [main] INFO  o.s.d.r.c.RepositoryConfigurationExtensionSupport - Spring Data Redis - Could not safely identify store assignment for repository candidate interface com.mindgarden.consultation.repository.CssColorSettingsRepository; If you want this repository to be a Redis repository, consider annotating your entities with one of these annotations: org.springframework.data.redis.core.RedisHash (preferred), or consider extending one of the following types with your repository: org.springframework.data.keyvalue.repository.KeyValueRepository
2025-11-18 09:13:48.862 [main] INFO  o.s.d.r.c.RepositoryConfigurationExtensionSupport - Spring Data Redis - Could not safely identify store assignment for repository candidate interface com.mindgarden.consultation.repository.CssThemeMetadataRepository; If you want this repository to be a Redis repository, consider annotating your entities with one of these annotations: org.springframework.data.redis.core.RedisHash (preferred), or consider extending one of the following types with your repository: org.springframework.data.keyvalue.repository.KeyValueRepository
2025-11-18 09:13:48.862 [main] INFO  o.s.d.r.c.RepositoryConfigurationExtensionSupport - Spring Data Redis - Could not safely identify store assignment for repository candidate interface com.mindgarden.consultation.repository.DailyHealingContentRepository; If you want this repository to be a Redis repository, consider annotating your entities with one of these annotations: org.springframework.data.redis.core.RedisHash (preferred), or consider extending one of the following types with your repository: org.springframework.data.keyvalue.repository.KeyValueRepository
2025-11-18 09:13:48.862 [main] INFO  o.s.d.r.c.RepositoryConfigurationExtensionSupport - Spring Data Redis - Could not safely identify store assignment for repository candidate interface com.mindgarden.consultation.repository.DailyHumorRepository; If you want this repository to be a Redis repository, consider annotating your entities with one of these annotations: org.springframework.data.redis.core.RedisHash (preferred), or consider extending one of the following types with your repository: org.springframework.data.keyvalue.repository.KeyValueRepository
2025-11-18 09:13:48.862 [main] INFO  o.s.d.r.c.RepositoryConfigurationExtensionSupport - Spring Data Redis - Could not safely identify store assignment for repository candidate interface com.mindgarden.consultation.repository.DailyStatisticsRepository; If you want this repository to be a Redis repository, consider annotating your entities with one of these annotations: org.springframework.data.redis.core.RedisHash (preferred), or consider extending one of the following types with your repository: org.springframework.data.keyvalue.repository.KeyValueRepository
2025-11-18 09:13:48.863 [main] INFO  o.s.d.r.c.RepositoryConfigurationExtensionSupport - Spring Data Redis - Could not safely identify store assignment for repository candidate interface com.mindgarden.consultation.repository.DiscountAccountingTransactionRepository; If you want this repository to be a Redis repository, consider annotating your entities with one of these annotations: org.springframework.data.redis.core.RedisHash (preferred), or consider extending one of the following types with your repository: org.springframework.data.keyvalue.repository.KeyValueRepository
2025-11-18 09:13:48.863 [main] INFO  o.s.d.r.c.RepositoryConfigurationExtensionSupport - Spring Data Redis - Could not safely identify store assignment for repository candidate interface com.mindgarden.consultation.repository.ErpSyncLogRepository; If you want this repository to be a Redis repository, consider annotating your entities with one of these annotations: org.springframework.data.redis.core.RedisHash (preferred), or consider extending one of the following types with your repository: org.springframework.data.keyvalue.repository.KeyValueRepository
2025-11-18 09:13:48.863 [main] INFO  o.s.d.r.c.RepositoryConfigurationExtensionSupport - Spring Data Redis - Could not safely identify store assignment for repository candidate interface com.mindgarden.consultation.repository.FinancialTransactionRepository; If you want this repository to be a Redis repository, consider annotating your entities with one of these annotations: org.springframework.data.redis.core.RedisHash (preferred), or consider extending one of the following types with your repository: org.springframework.data.keyvalue.repository.KeyValueRepository
2025-11-18 09:13:48.863 [main] INFO  o.s.d.r.c.RepositoryConfigurationExtensionSupport - Spring Data Redis - Could not safely identify store assignment for repository candidate interface com.mindgarden.consultation.repository.ItemRepository; If you want this repository to be a Redis repository, consider annotating your entities with one of these annotations: org.springframework.data.redis.core.RedisHash (preferred), or consider extending one of the following types with your repository: org.springframework.data.keyvalue.repository.KeyValueRepository
2025-11-18 09:13:48.863 [main] INFO  o.s.d.r.c.RepositoryConfigurationExtensionSupport - Spring Data Redis - Could not safely identify store assignment for repository candidate interface com.mindgarden.consultation.repository.NoteRepository; If you want this repository to be a Redis repository, consider annotating your entities with one of these annotations: org.springframework.data.redis.core.RedisHash (preferred), or consider extending one of the following types with your repository: org.springframework.data.keyvalue.repository.KeyValueRepository
2025-11-18 09:13:48.863 [main] INFO  o.s.d.r.c.RepositoryConfigurationExtensionSupport - Spring Data Redis - Could not safely identify store assignment for repository candidate interface com.mindgarden.consultation.repository.OpenAIUsageLogRepository; If you want this repository to be a Redis repository, consider annotating your entities with one of these annotations: org.springframework.data.redis.core.RedisHash (preferred), or consider extending one of the following types with your repository: org.springframework.data.keyvalue.repository.KeyValueRepository
2025-11-18 09:13:48.863 [main] INFO  o.s.d.r.c.RepositoryConfigurationExtensionSupport - Spring Data Redis - Could not safely identify store assignment for repository candidate interface com.mindgarden.consultation.repository.PackageDiscountRepository; If you want this repository to be a Redis repository, consider annotating your entities with one of these annotations: org.springframework.data.redis.core.RedisHash (preferred), or consider extending one of the following types with your repository: org.springframework.data.keyvalue.repository.KeyValueRepository
2025-11-18 09:13:48.864 [main] INFO  o.s.d.r.c.RepositoryConfigurationExtensionSupport - Spring Data Redis - Could not safely identify store assignment for repository candidate interface com.mindgarden.consultation.repository.PasswordResetTokenRepository; If you want this repository to be a Redis repository, consider annotating your entities with one of these annotations: org.springframework.data.redis.core.RedisHash (preferred), or consider extending one of the following types with your repository: org.springframework.data.keyvalue.repository.KeyValueRepository
2025-11-18 09:13:48.864 [main] INFO  o.s.d.r.c.RepositoryConfigurationExtensionSupport - Spring Data Redis - Could not safely identify store assignment for repository candidate interface com.mindgarden.consultation.repository.PaymentRepository; If you want this repository to be a Redis repository, consider annotating your entities with one of these annotations: org.springframework.data.redis.core.RedisHash (preferred), or consider extending one of the following types with your repository: org.springframework.data.keyvalue.repository.KeyValueRepository
2025-11-18 09:13:48.864 [main] INFO  o.s.d.r.c.RepositoryConfigurationExtensionSupport - Spring Data Redis - Could not safely identify store assignment for repository candidate interface com.mindgarden.consultation.repository.PerformanceAlertRepository; If you want this repository to be a Redis repository, consider annotating your entities with one of these annotations: org.springframework.data.redis.core.RedisHash (preferred), or consider extending one of the following types with your repository: org.springframework.data.keyvalue.repository.KeyValueRepository
2025-11-18 09:13:48.864 [main] INFO  o.s.d.r.c.RepositoryConfigurationExtensionSupport - Spring Data Redis - Could not safely identify store assignment for repository candidate interface com.mindgarden.consultation.repository.PermissionRepository; If you want this repository to be a Redis repository, consider annotating your entities with one of these annotations: org.springframework.data.redis.core.RedisHash (preferred), or consider extending one of the following types with your repository: org.springframework.data.keyvalue.repository.KeyValueRepository
2025-11-18 09:13:48.864 [main] INFO  o.s.d.r.c.RepositoryConfigurationExtensionSupport - Spring Data Redis - Could not safely identify store assignment for repository candidate interface com.mindgarden.consultation.repository.PersonalDataAccessLogRepository; If you want this repository to be a Redis repository, consider annotating your entities with one of these annotations: org.springframework.data.redis.core.RedisHash (preferred), or consider extending one of the following types with your repository: org.springframework.data.keyvalue.repository.KeyValueRepository
2025-11-18 09:13:48.864 [main] INFO  o.s.d.r.c.RepositoryConfigurationExtensionSupport - Spring Data Redis - Could not safely identify store assignment for repository candidate interface com.mindgarden.consultation.repository.PurchaseOrderRepository; If you want this repository to be a Redis repository, consider annotating your entities with one of these annotations: org.springframework.data.redis.core.RedisHash (preferred), or consider extending one of the following types with your repository: org.springframework.data.keyvalue.repository.KeyValueRepository
2025-11-18 09:13:48.864 [main] INFO  o.s.d.r.c.RepositoryConfigurationExtensionSupport - Spring Data Redis - Could not safely identify store assignment for repository candidate interface com.mindgarden.consultation.repository.PurchaseRequestRepository; If you want this repository to be a Redis repository, consider annotating your entities with one of these annotations: org.springframework.data.redis.core.RedisHash (preferred), or consider extending one of the following types with your repository: org.springframework.data.keyvalue.repository.KeyValueRepository
2025-11-18 09:13:48.864 [main] INFO  o.s.d.r.c.RepositoryConfigurationExtensionSupport - Spring Data Redis - Could not safely identify store assignment for repository candidate interface com.mindgarden.consultation.repository.QualityEvaluationRepository; If you want this repository to be a Redis repository, consider annotating your entities with one of these annotations: org.springframework.data.redis.core.RedisHash (preferred), or consider extending one of the following types with your repository: org.springframework.data.keyvalue.repository.KeyValueRepository
2025-11-18 09:13:48.864 [main] INFO  o.s.d.r.c.RepositoryConfigurationExtensionSupport - Spring Data Redis - Could not safely identify store assignment for repository candidate interface com.mindgarden.consultation.repository.RecurringExpenseRepository; If you want this repository to be a Redis repository, consider annotating your entities with one of these annotations: org.springframework.data.redis.core.RedisHash (preferred), or consider extending one of the following types with your repository: org.springframework.data.keyvalue.repository.KeyValueRepository
2025-11-18 09:13:48.865 [main] INFO  o.s.d.r.c.RepositoryConfigurationExtensionSupport - Spring Data Redis - Could not safely identify store assignment for repository candidate interface com.mindgarden.consultation.repository.ReserveFundRepository; If you want this repository to be a Redis repository, consider annotating your entities with one of these annotations: org.springframework.data.redis.core.RedisHash (preferred), or consider extending one of the following types with your repository: org.springframework.data.keyvalue.repository.KeyValueRepository
2025-11-18 09:13:48.865 [main] INFO  o.s.d.r.c.RepositoryConfigurationExtensionSupport - Spring Data Redis - Could not safely identify store assignment for repository candidate interface com.mindgarden.consultation.repository.ReviewRepository; If you want this repository to be a Redis repository, consider annotating your entities with one of these annotations: org.springframework.data.redis.core.RedisHash (preferred), or consider extending one of the following types with your repository: org.springframework.data.keyvalue.repository.KeyValueRepository
2025-11-18 09:13:48.865 [main] INFO  o.s.d.r.c.RepositoryConfigurationExtensionSupport - Spring Data Redis - Could not safely identify store assignment for repository candidate interface com.mindgarden.consultation.repository.RolePermissionRepository; If you want this repository to be a Redis repository, consider annotating your entities with one of these annotations: org.springframework.data.redis.core.RedisHash (preferred), or consider extending one of the following types with your repository: org.springframework.data.keyvalue.repository.KeyValueRepository
2025-11-18 09:13:48.865 [main] INFO  o.s.d.r.c.RepositoryConfigurationExtensionSupport - Spring Data Redis - Could not safely identify store assignment for repository candidate interface com.mindgarden.consultation.repository.SalaryCalculationRepository; If you want this repository to be a Redis repository, consider annotating your entities with one of these annotations: org.springframework.data.redis.core.RedisHash (preferred), or consider extending one of the following types with your repository: org.springframework.data.keyvalue.repository.KeyValueRepository
2025-11-18 09:13:48.865 [main] INFO  o.s.d.r.c.RepositoryConfigurationExtensionSupport - Spring Data Redis - Could not safely identify store assignment for repository candidate interface com.mindgarden.consultation.repository.SalaryProfileRepository; If you want this repository to be a Redis repository, consider annotating your entities with one of these annotations: org.springframework.data.redis.core.RedisHash (preferred), or consider extending one of the following types with your repository: org.springframework.data.keyvalue.repository.KeyValueRepository
2025-11-18 09:13:48.865 [main] INFO  o.s.d.r.c.RepositoryConfigurationExtensionSupport - Spring Data Redis - Could not safely identify store assignment for repository candidate interface com.mindgarden.consultation.repository.SalaryTaxCalculationRepository; If you want this repository to be a Redis repository, consider annotating your entities with one of these annotations: org.springframework.data.redis.core.RedisHash (preferred), or consider extending one of the following types with your repository: org.springframework.data.keyvalue.repository.KeyValueRepository
2025-11-18 09:13:48.865 [main] INFO  o.s.d.r.c.RepositoryConfigurationExtensionSupport - Spring Data Redis - Could not safely identify store assignment for repository candidate interface com.mindgarden.consultation.repository.ScheduleRepository; If you want this repository to be a Redis repository, consider annotating your entities with one of these annotations: org.springframework.data.redis.core.RedisHash (preferred), or consider extending one of the following types with your repository: org.springframework.data.keyvalue.repository.KeyValueRepository
2025-11-18 09:13:48.865 [main] INFO  o.s.d.r.c.RepositoryConfigurationExtensionSupport - Spring Data Redis - Could not safely identify store assignment for repository candidate interface com.mindgarden.consultation.repository.SessionExtensionRequestRepository; If you want this repository to be a Redis repository, consider annotating your entities with one of these annotations: org.springframework.data.redis.core.RedisHash (preferred), or consider extending one of the following types with your repository: org.springframework.data.keyvalue.repository.KeyValueRepository
2025-11-18 09:13:48.865 [main] INFO  o.s.d.r.c.RepositoryConfigurationExtensionSupport - Spring Data Redis - Could not safely identify store assignment for repository candidate interface com.mindgarden.consultation.repository.SystemConfigRepository; If you want this repository to be a Redis repository, consider annotating your entities with one of these annotations: org.springframework.data.redis.core.RedisHash (preferred), or consider extending one of the following types with your repository: org.springframework.data.keyvalue.repository.KeyValueRepository
2025-11-18 09:13:48.866 [main] INFO  o.s.d.r.c.RepositoryConfigurationExtensionSupport - Spring Data Redis - Could not safely identify store assignment for repository candidate interface com.mindgarden.consultation.repository.SystemNotificationReadRepository; If you want this repository to be a Redis repository, consider annotating your entities with one of these annotations: org.springframework.data.redis.core.RedisHash (preferred), or consider extending one of the following types with your repository: org.springframework.data.keyvalue.repository.KeyValueRepository
2025-11-18 09:13:48.866 [main] INFO  o.s.d.r.c.RepositoryConfigurationExtensionSupport - Spring Data Redis - Could not safely identify store assignment for repository candidate interface com.mindgarden.consultation.repository.SystemNotificationRepository; If you want this repository to be a Redis repository, consider annotating your entities with one of these annotations: org.springframework.data.redis.core.RedisHash (preferred), or consider extending one of the following types with your repository: org.springframework.data.keyvalue.repository.KeyValueRepository
2025-11-18 09:13:48.866 [main] INFO  o.s.d.r.c.RepositoryConfigurationExtensionSupport - Spring Data Redis - Could not safely identify store assignment for repository candidate interface com.mindgarden.consultation.repository.UserActivityRepository; If you want this repository to be a Redis repository, consider annotating your entities with one of these annotations: org.springframework.data.redis.core.RedisHash (preferred), or consider extending one of the following types with your repository: org.springframework.data.keyvalue.repository.KeyValueRepository
2025-11-18 09:13:48.866 [main] INFO  o.s.d.r.c.RepositoryConfigurationExtensionSupport - Spring Data Redis - Could not safely identify store assignment for repository candidate interface com.mindgarden.consultation.repository.UserAddressRepository; If you want this repository to be a Redis repository, consider annotating your entities with one of these annotations: org.springframework.data.redis.core.RedisHash (preferred), or consider extending one of the following types with your repository: org.springframework.data.keyvalue.repository.KeyValueRepository
2025-11-18 09:13:48.866 [main] INFO  o.s.d.r.c.RepositoryConfigurationExtensionSupport - Spring Data Redis - Could not safely identify store assignment for repository candidate interface com.mindgarden.consultation.repository.UserPrivacyConsentRepository; If you want this repository to be a Redis repository, consider annotating your entities with one of these annotations: org.springframework.data.redis.core.RedisHash (preferred), or consider extending one of the following types with your repository: org.springframework.data.keyvalue.repository.KeyValueRepository
2025-11-18 09:13:48.866 [main] INFO  o.s.d.r.c.RepositoryConfigurationExtensionSupport - Spring Data Redis - Could not safely identify store assignment for repository candidate interface com.mindgarden.consultation.repository.UserRepository; If you want this repository to be a Redis repository, consider annotating your entities with one of these annotations: org.springframework.data.redis.core.RedisHash (preferred), or consider extending one of the following types with your repository: org.springframework.data.keyvalue.repository.KeyValueRepository
2025-11-18 09:13:48.866 [main] INFO  o.s.d.r.c.RepositoryConfigurationExtensionSupport - Spring Data Redis - Could not safely identify store assignment for repository candidate interface com.mindgarden.consultation.repository.UserSessionRepository; If you want this repository to be a Redis repository, consider annotating your entities with one of these annotations: org.springframework.data.redis.core.RedisHash (preferred), or consider extending one of the following types with your repository: org.springframework.data.keyvalue.repository.KeyValueRepository
2025-11-18 09:13:48.866 [main] INFO  o.s.d.r.c.RepositoryConfigurationExtensionSupport - Spring Data Redis - Could not safely identify store assignment for repository candidate interface com.mindgarden.consultation.repository.UserSocialAccountRepository; If you want this repository to be a Redis repository, consider annotating your entities with one of these annotations: org.springframework.data.redis.core.RedisHash (preferred), or consider extending one of the following types with your repository: org.springframework.data.keyvalue.repository.KeyValueRepository
2025-11-18 09:13:48.866 [main] INFO  o.s.d.r.c.RepositoryConfigurationExtensionSupport - Spring Data Redis - Could not safely identify store assignment for repository candidate interface com.mindgarden.consultation.repository.VacationRepository; If you want this repository to be a Redis repository, consider annotating your entities with one of these annotations: org.springframework.data.redis.core.RedisHash (preferred), or consider extending one of the following types with your repository: org.springframework.data.keyvalue.repository.KeyValueRepository
2025-11-18 09:13:48.866 [main] INFO  o.s.d.r.c.RepositoryConfigurationExtensionSupport - Spring Data Redis - Could not safely identify store assignment for repository candidate interface com.mindgarden.consultation.repository.WarmWordsRepository; If you want this repository to be a Redis repository, consider annotating your entities with one of these annotations: org.springframework.data.redis.core.RedisHash (preferred), or consider extending one of the following types with your repository: org.springframework.data.keyvalue.repository.KeyValueRepository
2025-11-18 09:13:48.866 [main] INFO  o.s.d.r.c.RepositoryConfigurationExtensionSupport - Spring Data Redis - Could not safely identify store assignment for repository candidate interface com.mindgarden.consultation.repository.WellnessTemplateRepository; If you want this repository to be a Redis repository, consider annotating your entities with one of these annotations: org.springframework.data.redis.core.RedisHash (preferred), or consider extending one of the following types with your repository: org.springframework.data.keyvalue.repository.KeyValueRepository
2025-11-18 09:13:48.867 [main] INFO  o.s.d.r.c.RepositoryConfigurationDelegate - Finished Spring Data repository scanning in 22 ms. Found 0 Redis repository interfaces.
2025-11-18 09:13:49.254 [main] INFO  o.h.jpa.internal.util.LogHelper - HHH000204: Processing PersistenceUnitInfo [name: default]
2025-11-18 09:13:49.277 [main] INFO  org.hibernate.Version - HHH000412: Hibernate ORM core version 6.4.0.Final
2025-11-18 09:13:49.295 [main] INFO  o.h.c.i.RegionFactoryInitiator - HHH000026: Second-level cache disabled
2025-11-18 09:13:49.391 [main] INFO  com.zaxxer.hikari.HikariDataSource - MindGardenHikariPool - Starting...
2025-11-18 09:13:49.524 [main] INFO  com.zaxxer.hikari.pool.HikariPool - MindGardenHikariPool - Added connection com.mysql.cj.jdbc.ConnectionImpl@5692863
2025-11-18 09:13:49.541 [main] INFO  com.zaxxer.hikari.HikariDataSource - MindGardenHikariPool - Start completed.
2025-11-18 09:13:49.565 [main] WARN  org.hibernate.orm.deprecation - HHH90000025: MySQL8Dialect does not need to be specified explicitly using 'hibernate.dialect' (remove the property setting and it will be selected by default)
2025-11-18 09:13:49.565 [main] WARN  org.hibernate.orm.deprecation - HHH90000026: MySQL8Dialect has been deprecated; use org.hibernate.dialect.MySQLDialect instead
2025-11-18 09:13:53.070 [main] INFO  o.s.d.j.r.query.QueryEnhancerFactory - Hibernate is in classpath; If applicable, HQL parser will be used.
2025-11-18 09:13:53.557 [main] WARN  c.m.c.u.PersonalDataEncryptionKeyProvider - 🔐 다중 키 설정이 비어 있습니다. legacy 키를 사용합니다.
2025-11-18 09:13:53.558 [main] INFO  c.m.c.u.PersonalDataEncryptionKeyProvider - ✅ 개인정보 암호화 키 초기화 완료 - 활성 키: legacy, 총 키 수: 1
2025-11-18 09:13:53.758 [main] INFO  c.m.c.config.PlSqlInitializer - 🚀 PL/SQL 프로시저 자동 초기화 시작
2025-11-18 09:13:53.759 [main] INFO  c.m.c.config.PlSqlInitializer - 📝 상담일지 알림 프로시저 초기화 시작
2025-11-18 09:13:53.778 [main] INFO  c.m.c.config.PlSqlInitializer - 📄 SQL 파일 크기: 12486 bytes
2025-11-18 09:13:53.778 [main] INFO  c.m.c.config.PlSqlInitializer - 🔧 프로시저 1 실행 중...
2025-11-18 09:13:53.798 [main] INFO  c.m.c.config.PlSqlInitializer - ✅ PL/SQL 프로시저 1 생성 성공
2025-11-18 09:13:53.798 [main] INFO  c.m.c.config.PlSqlInitializer - 🔧 프로시저 2 실행 중...
2025-11-18 09:13:53.823 [main] INFO  c.m.c.config.PlSqlInitializer - ✅ PL/SQL 프로시저 2 생성 성공
2025-11-18 09:13:53.823 [main] INFO  c.m.c.config.PlSqlInitializer - ✅ 상담일지 알림 프로시저 초기화 완료
2025-11-18 09:13:53.823 [main] INFO  c.m.c.config.PlSqlInitializer - 🔍 상담일지 검증 프로시저 초기화 시작
2025-11-18 09:13:53.849 [main] INFO  c.m.c.config.PlSqlInitializer - ✅ 상담일지 검증 프로시저 1 생성 완료
2025-11-18 09:13:53.868 [main] WARN  c.m.c.config.PlSqlInitializer - ⚠️ 상담일지 검증 프로시저 2 생성 중 오류: StatementCallback; bad SQL grammar [DROP PROCEDURE IF EXISTS ValidateConsultationRecordBeforeCompletion(]
2025-11-18 09:13:53.868 [main] INFO  c.m.c.config.PlSqlInitializer - ✅ 상담일지 검증 프로시저 초기화 완료
2025-11-18 09:13:53.868 [main] INFO  c.m.c.config.PlSqlInitializer - ✅ PL/SQL 프로시저 자동 초기화 완료
2025-11-18 09:13:55.670 [main] INFO  c.m.c.s.impl.KakaoOAuth2ServiceImpl - 카카오 OAuth2 설정 로드: clientId=null, clientSecret=null (길이: 0), redirectUri=null
2025-11-18 09:13:55.675 [main] INFO  c.m.c.s.impl.NaverOAuth2ServiceImpl - 네이버 OAuth2 설정 로드: clientId=dummy..., clientSecret=*** (길이: 5), redirectUri=
2025-11-18 09:13:55.677 [main] INFO  c.m.c.service.OAuth2FactoryService - OAuth2 서비스 등록: KAKAO
2025-11-18 09:13:55.678 [main] INFO  c.m.c.service.OAuth2FactoryService - 카카오 OAuth2 서비스 자동 등록 완료
2025-11-18 09:13:55.678 [main] INFO  c.m.c.service.OAuth2FactoryService - OAuth2 서비스 등록: NAVER
2025-11-18 09:13:55.678 [main] INFO  c.m.c.service.OAuth2FactoryService - 네이버 OAuth2 서비스 자동 등록 완료
2025-11-18 09:13:55.678 [main] INFO  c.m.c.service.OAuth2FactoryService - 등록된 OAuth2 서비스: NAVER
2025-11-18 09:13:55.679 [main] INFO  c.m.c.controller.OAuth2Controller - 🔧 OAuth2Controller 초기화 - frontendBaseUrl: http://localhost:3000
2025-11-18 09:13:56.198 [main] INFO  o.s.s.web.DefaultSecurityFilterChain - Will secure any request with [org.springframework.security.web.session.DisableEncodeUrlFilter@3840f3ef, org.springframework.security.web.context.request.async.WebAsyncManagerIntegrationFilter@36d151ca, org.springframework.security.web.context.SecurityContextHolderFilter@7939864f, org.springframework.security.web.header.HeaderWriterFilter@27430d1f, org.springframework.web.filter.CorsFilter@3249667e, org.springframework.security.web.authentication.logout.LogoutFilter@16412616, com.coresolution.core.filter.TenantContextFilter@56befaf1, com.mindgarden.consultation.config.SessionBasedAuthenticationFilter@1a246aa7, org.springframework.security.web.savedrequest.RequestCacheAwareFilter@487ba6a5, org.springframework.security.web.servletapi.SecurityContextHolderAwareRequestFilter@168f83a, org.springframework.security.web.authentication.AnonymousAuthenticationFilter@7afa9c1f, org.springframework.security.web.session.SessionManagementFilter@3a578dc2, org.springframework.security.web.access.ExceptionTranslationFilter@7575ba54, org.springframework.security.web.access.intercept.AuthorizationFilter@614457d2]
2025-11-18 09:13:56.810 [main] INFO  o.s.b.t.m.w.SpringBootMockServletContext - Initializing Spring TestDispatcherServlet ''
2025-11-18 09:13:56.810 [main] INFO  o.s.t.w.s.TestDispatcherServlet - Initializing Servlet ''
2025-11-18 09:13:56.814 [main] INFO  o.s.b.a.e.web.EndpointLinksResolver - Exposing 3 endpoint(s) beneath base path '/actuator'
2025-11-18 09:13:56.827 [main] INFO  o.s.t.w.s.TestDispatcherServlet - Completed initialization in 17 ms
2025-11-18 09:13:56.865 [main] INFO  c.c.c.c.o.ErdOpsControllerIntegrationTest - Started ErdOpsControllerIntegrationTest in 9.048 seconds (process running for 9.412)
2025-11-18 09:13:56.867 [main] INFO  c.m.consultation.MigrationRunner - ⏭️ 마이그레이션 건너뜀 (run.migration=true로 설정하여 실행)
2025-11-18 09:13:56.867 [main] INFO  c.m.c.c.PermissionInitializationConfig - 🚀 애플리케이션 시작 - 권한 시스템 초기화 시작...
2025-11-18 09:13:56.887 [main] INFO  c.m.c.s.i.PermissionInitializationServiceImpl - 🚀 권한 시스템 초기화 시작
2025-11-18 09:13:56.918 [main] INFO  c.m.c.s.i.PermissionInitializationServiceImpl - ✅ 권한 시스템이 이미 초기화되어 있음 (권한=45개, 역할권한=182개, 시스템공지권한=true)
2025-11-18 09:13:56.918 [main] INFO  c.m.c.s.i.PermissionInitializationServiceImpl - ✅ 권한 시스템이 이미 초기화되어 있음 - 건너뛰기
2025-11-18 09:13:56.934 [main] INFO  c.m.c.c.PermissionInitializationConfig - ✅ 권한 시스템 초기화 완료
2025-11-18 09:13:56.934 [scheduling-1] INFO  c.m.c.s.impl.BankTransferServiceImpl - 입금 확인 배치 처리 시작
2025-11-18 09:13:56.934 [scheduling-1] INFO  c.m.c.s.impl.BankTransferServiceImpl - 미확인 입금 목록 조회
2025-11-18 09:13:56.942 [main] INFO  c.m.c.s.i.BranchInitializationService - 🏢 Branch 테이블 초기 데이터 확인 및 생성 시작
2025-11-18 09:13:56.947 [scheduling-1] INFO  c.m.c.s.impl.BankTransferServiceImpl - 입금 확인 배치 처리 완료: 0건 처리
2025-11-18 09:13:56.958 [main] INFO  c.m.c.s.i.BranchInitializationService - ✅ MAIN001 본점이 이미 ACTIVE 상태입니다
2025-11-18 09:13:56.975 [scheduling-1] INFO  c.m.c.s.i.WorkflowAutomationServiceImpl - 🔔 예약 리마인더 자동 발송 시작
2025-11-18 09:13:56.987 [main] INFO  c.m.c.s.i.CodeInitializationServiceImpl - 🚀 급여 시스템 코드 초기화 시작
2025-11-18 09:13:56.987 [main] INFO  c.m.c.s.impl.CommonCodeServiceImpl - 🔍 코드 그룹별 공통코드 조회: SALARY_PAY_DAY
2025-11-18 09:13:56.999 [main] INFO  c.m.c.s.i.CodeInitializationServiceImpl - 📋 급여 지급일 옵션이 이미 존재합니다: SALARY_PAY_DAY
2025-11-18 09:13:56.999 [main] INFO  c.m.c.s.impl.CommonCodeServiceImpl - 🔍 코드 그룹별 공통코드 조회: CONSULTANT_GRADE
2025-11-18 09:13:57.009 [main] INFO  c.m.c.s.i.CodeInitializationServiceImpl - 📋 상담사 등급이 이미 존재합니다: CONSULTANT_GRADE
2025-11-18 09:13:57.009 [main] INFO  c.m.c.s.impl.CommonCodeServiceImpl - 🔍 코드 그룹별 공통코드 조회: SALARY_TYPE
2025-11-18 09:13:57.019 [main] INFO  c.m.c.s.i.CodeInitializationServiceImpl - 📋 급여 유형이 이미 존재합니다: SALARY_TYPE
2025-11-18 09:13:57.019 [main] INFO  c.m.c.s.impl.CommonCodeServiceImpl - 🔍 코드 그룹별 공통코드 조회: SALARY_OPTION_TYPE
2025-11-18 09:13:57.029 [main] INFO  c.m.c.s.i.CodeInitializationServiceImpl - 📋 급여 옵션 유형이 이미 존재합니다: SALARY_OPTION_TYPE
2025-11-18 09:13:57.029 [main] INFO  c.m.c.s.impl.CommonCodeServiceImpl - 🔍 코드 그룹별 공통코드 조회: CONSULTANT_GRADE_SALARY
2025-11-18 09:13:57.039 [main] INFO  c.m.c.s.i.CodeInitializationServiceImpl - 📋 상담사 등급별 기본급이 이미 존재합니다: CONSULTANT_GRADE_SALARY
2025-11-18 09:13:57.039 [main] INFO  c.m.c.s.impl.CommonCodeServiceImpl - 🔍 코드 그룹별 공통코드 조회: FREELANCE_BASE_RATE
2025-11-18 09:13:57.048 [main] INFO  c.m.c.s.i.CodeInitializationServiceImpl - 📋 프리랜서 기본 상담료가 이미 존재합니다: FREELANCE_BASE_RATE
2025-11-18 09:13:57.048 [main] INFO  c.m.c.s.i.CodeInitializationServiceImpl - ✅ 급여 시스템 코드 초기화 완료
2025-11-18 09:13:57.049 [main] INFO  c.m.c.s.i.CodeInitializationServiceImpl - 📦 패키지 코드 초기화 시작
2025-11-18 09:13:57.049 [main] INFO  c.m.c.s.impl.CommonCodeServiceImpl - 🔍 코드 그룹별 공통코드 조회: PACKAGE
2025-11-18 09:13:57.051 [scheduling-1] INFO  c.m.c.s.impl.UserSessionServiceImpl - 🧹 만료된 세션 정리 완료: count=0
2025-11-18 09:13:57.061 [main] INFO  c.m.c.s.i.CodeInitializationServiceImpl - 📋 패키지 코드가 이미 존재합니다: PACKAGE
2025-11-18 09:13:57.061 [main] INFO  c.m.c.s.i.CodeInitializationServiceImpl - 🔧 Single-Session 패키지 초기화 시작
2025-11-18 09:13:57.205 [main] INFO  c.m.c.s.i.CodeInitializationServiceImpl - ✅ Single-Session 패키지 초기화 완료
2025-11-18 09:13:57.205 [main] INFO  c.m.c.s.i.CodeInitializationServiceImpl - ✅ 패키지 코드 초기화 완료
2025-11-18 09:13:57.238 [main] INFO  c.m.c.s.i.FinancialCommonCodeInitializer - 🏦 재무 거래 관련 공통 코드 초기화 시작
2025-11-18 09:13:57.247 [main] INFO  c.m.c.s.i.FinancialCommonCodeInitializer - 거래 유형 코드가 이미 존재합니다.
2025-11-18 09:13:57.256 [main] INFO  c.m.c.s.i.FinancialCommonCodeInitializer - 수입 카테고리 코드가 이미 존재합니다.
2025-11-18 09:13:57.265 [main] INFO  c.m.c.s.i.FinancialCommonCodeInitializer - 지출 카테고리 코드가 이미 존재합니다.
2025-11-18 09:13:57.273 [main] INFO  c.m.c.s.i.FinancialCommonCodeInitializer - 수입 세부 항목 코드가 이미 존재합니다.
2025-11-18 09:13:57.282 [main] INFO  c.m.c.s.i.FinancialCommonCodeInitializer - 지출 세부 항목 코드가 이미 존재합니다.
2025-11-18 09:13:57.291 [main] INFO  c.m.c.s.i.FinancialCommonCodeInitializer - 부가세 적용 여부 코드가 이미 존재합니다.
2025-11-18 09:13:57.291 [main] INFO  c.m.c.s.i.FinancialCommonCodeInitializer - ✅ 재무 거래 관련 공통 코드 초기화 완료
2025-11-18 09:13:57.317 [main] INFO  c.m.c.s.i.PasswordCommonCodeInitializer - 🔐 비밀번호 관련 공통코드 초기화 시작
2025-11-18 09:13:57.317 [main] INFO  c.m.c.s.i.PasswordCommonCodeInitializer - 📋 비밀번호 정책 설정 초기화
2025-11-18 09:13:57.521 [main] INFO  c.m.c.s.i.PasswordCommonCodeInitializer - 📧 이메일 설정 초기화
2025-11-18 09:13:57.576 [main] INFO  c.m.c.s.i.PasswordCommonCodeInitializer - 🔄 비밀번호 재설정 설정 초기화
2025-11-18 09:13:57.631 [main] INFO  c.m.c.s.i.PasswordCommonCodeInitializer - ✅ 비밀번호 관련 공통코드 초기화 완료
2025-11-18 09:13:57.988 [main] INFO  c.c.c.c.ops.ErdOpsController - HQ 운영 포털 전체 시스템 ERD 수동 생성 요청: schemaName=core_solution, user=unknown
2025-11-18 09:13:57.988 [main] INFO  c.c.c.s.i.ErdGenerationServiceImpl - 전체 시스템 ERD 생성 시작: schemaName=core_solution
2025-11-18 09:14:01.115 [main] INFO  c.c.c.s.i.ErdGenerationServiceImpl - 전체 시스템 ERD 생성 완료: diagramId=57053c19-09b1-47a7-b0a5-f04af9dcae46
]]></system-out>
    <system-err><![CDATA[ANTLR Tool version 4.10.1 used for code generation does not match the current runtime version 4.13.0
ANTLR Runtime version 4.10.1 used for parser compilation does not match the current runtime version 4.13.0
ANTLR Tool version 4.10.1 used for code generation does not match the current runtime version 4.13.0
ANTLR Runtime version 4.10.1 used for parser compilation does not match the current runtime version 4.13.0
]]></system-err>
  </testcase>
  <testcase name="testGetTableNames_Success" classname="com.coresolution.core.controller.ops.ErdOpsControllerIntegrationTest" time="3.396"/>
  <testcase name="testGetErdDetail_Success" classname="com.coresolution.core.controller.ops.ErdOpsControllerIntegrationTest" time="3.069">
    <system-out><![CDATA[2025-11-18 09:14:04.615 [main] INFO  c.c.c.s.i.ErdGenerationServiceImpl - 전체 시스템 ERD 생성 시작: schemaName=core_solution
2025-11-18 09:14:07.598 [main] INFO  c.c.c.s.i.ErdGenerationServiceImpl - 전체 시스템 ERD 생성 완료: diagramId=24aee478-ac56-4e73-98bb-9aa257cd45f7
]]></system-out>
  </testcase>
  <testcase name="testCompareVersions_Success" classname="com.coresolution.core.controller.ops.ErdOpsControllerIntegrationTest" time="6.162">
    <system-out><![CDATA[2025-11-18 09:14:07.686 [main] INFO  c.c.c.s.i.ErdGenerationServiceImpl - 전체 시스템 ERD 생성 시작: schemaName=core_solution
2025-11-18 09:14:10.706 [main] INFO  c.c.c.s.i.ErdGenerationServiceImpl - 전체 시스템 ERD 생성 완료: diagramId=d6813a7b-20fb-4e1b-aad3-913e0152b379
2025-11-18 09:14:10.706 [main] INFO  c.c.c.s.i.ErdGenerationServiceImpl - ERD 재생성 시작: diagramId=d6813a7b-20fb-4e1b-aad3-913e0152b379
2025-11-18 09:14:13.770 [main] INFO  c.c.c.s.i.ErdGenerationServiceImpl - ERD 재생성 완료: diagramId=d6813a7b-20fb-4e1b-aad3-913e0152b379, version=2
2025-11-18 09:14:13.772 [main] INFO  c.c.c.c.ops.ErdOpsController - HQ 운영 포털 ERD 버전 비교 요청: diagramId=d6813a7b-20fb-4e1b-aad3-913e0152b379, fromVersion=1, toVersion=2
]]></system-out>
  </testcase>
  <testcase name="testGenerateCustomErd_Failed_EmptyTableNames" classname="com.coresolution.core.controller.ops.ErdOpsControllerIntegrationTest" time="0.061">
    <system-out><![CDATA[2025-11-18 09:14:13.880 [main] WARN  c.m.c.e.GlobalExceptionHandler - Bean validation error: tableNames: 테이블 목록은 필수입니다.
]]></system-out>
  </testcase>
  <testcase name="testGetAllErds_Success" classname="com.coresolution.core.controller.ops.ErdOpsControllerIntegrationTest" time="3.103">
    <system-out><![CDATA[2025-11-18 09:14:13.910 [main] INFO  c.c.c.s.i.ErdGenerationServiceImpl - 전체 시스템 ERD 생성 시작: schemaName=core_solution
2025-11-18 09:14:16.920 [main] INFO  c.c.c.s.i.ErdGenerationServiceImpl - 전체 시스템 ERD 생성 완료: diagramId=13f3f593-18b1-482e-a3c6-7d67ceb9705f
]]></system-out>
  </testcase>
  <testcase name="testGenerateCustomErd_Success" classname="com.coresolution.core.controller.ops.ErdOpsControllerIntegrationTest" time="7.139">
    <system-out><![CDATA[2025-11-18 09:14:20.009 [main] INFO  c.c.c.c.ops.ErdOpsController - HQ 운영 포털 커스텀 ERD 수동 생성 요청: tableNames=[accounting_entries, accounts, accumulated_depreciations, alerts, asset_revenues], name=테스트 커스텀 ERD, user=unknown
2025-11-18 09:14:20.010 [main] INFO  c.c.c.s.i.ErdGenerationServiceImpl - 커스텀 ERD 생성 시작: tableNames=[accounting_entries, accounts, accumulated_depreciations, alerts, asset_revenues], name=테스트 커스텀 ERD
2025-11-18 09:14:24.111 [main] INFO  c.c.c.s.i.ErdGenerationServiceImpl - 커스텀 ERD 생성 완료: diagramId=86f52638-ee59-4973-a112-b3d4f16b6157
]]></system-out>
  </testcase>
</testsuite>